03-10-2023 @ 16:48:59 - 3.1.0 - No subscription webhooks found using API version 3. No updates needed.
03-10-2023 @ 16:48:59 - 5.3.1 upgrade complete from Subscriptions v0 while WooCommerce WC_VERSION 7.4.1 and database version 7.4.1 was active.
03-10-2023 @ 16:48:59 - Environment info:
03-10-2023 @ 16:48:59 -     WordPress Version : 6.1.1
03-10-2023 @ 16:48:59 - Active Plugins:
03-10-2023 @ 16:48:59 -     Advanced Import by AddonsPress – 1.3.9
03-10-2023 @ 16:48:59 -     Akismet Anti-Spam by Automattic – 5.0.1
03-10-2023 @ 16:48:59 -     Bosa Elementor Addons for WooCommerce by Bosa Themes – 1.0.10
03-10-2023 @ 16:48:59 -     Breadcrumb NavXT by John Havlik – 7.2.0
03-10-2023 @ 16:48:59 -     Contact Form 7 by Takayuki Miyoshi – 5.7.4
03-10-2023 @ 16:48:59 -     Elementor by Elementor.com – 3.11.2
03-10-2023 @ 16:48:59 -     ElementsKit Lite by Wpmet – 2.8.1
03-10-2023 @ 16:48:59 -     Hello Dolly by Matt Mullenweg – 1.7.2
03-10-2023 @ 16:48:59 -     MetaSlider by MetaSlider – 3.28.3
03-10-2023 @ 16:48:59 -     Nextend Social Login by Nextendweb – 3.1.7
03-10-2023 @ 16:48:59 -     Sina Extension for Elementor by SinaExtra – 3.4.4
03-10-2023 @ 16:48:59 -     WooCommerce Payments by Automattic – 5.5.1
03-10-2023 @ 16:48:59 -     WooCommerce by Automattic – 7.4.1
03-10-2023 @ 16:48:59 -     WP Mail SMTP by WPForms – 3.7.0
03-10-2023 @ 16:48:59 -     YITH WooCommerce Compare by YITH – 2.23.0
03-10-2023 @ 16:48:59 -     YITH WooCommerce Wishlist by YITH – 3.18.0
